{"C:\\Users\\Ugliplastik\\Desktop\\github\\Jest\\src\\calculate.js": {"path":"C:\\Users\\Ugliplastik\\Desktop\\github\\Jest\\src\\calculate.js","statementMap":{"0":{"start":{"line":7,"column":14},"end":{"line":9,"column":7}},"1":{"start":{"line":8,"column":4},"end":{"line":8,"column":45}},"2":{"start":{"line":10,"column":2},"end":{"line":12,"column":3}},"3":{"start":{"line":11,"column":4},"end":{"line":11,"column":21}},"4":{"start":{"line":13,"column":2},"end":{"line":13,"column":13}}},"fnMap":{"0":{"name":"calculateTotal","decl":{"start":{"line":6,"column":16},"end":{"line":6,"column":30}},"loc":{"start":{"line":6,"column":57},"end":{"line":14,"column":1}},"line":6},"1":{"name":"(anonymous_1)","decl":{"start":{"line":7,"column":31},"end":{"line":7,"column":32}},"loc":{"start":{"line":7,"column":48},"end":{"line":9,"column":3}},"line":7}},"branchMap":{"0":{"loc":{"start":{"line":10,"column":2},"end":{"line":12,"column":3}},"type":"if","locations":[{"start":{"line":10,"column":2},"end":{"line":12,"column":3}},{"start":{},"end":{}}],"line":10}},"s":{"0":2,"1":4,"2":2,"3":1,"4":1},"f":{"0":2,"1":4},"b":{"0":[1,1]},"_coverageSchema":"1a1c01bbd47fc00a2c39e90264f33305004495a9","hash":"0face03e1b87b29d96e3ef11792c454fcaad2c38"}
}
